<?xml version="1.0" encoding="UTF-8"?>
<!-- Generated by org.testng.reporters.JUnitReportReporter -->
<testsuite skipped="0" hostname="RonkeAkinyemi" name="Notch.MavenJava.RrestAssuredAPI" tests="2" failures="0" timestamp="2020-10-16T16:15:42 WAT" time="0.037" errors="0">
  <testcase name="rrestAPI" time="0.031" classname="Notch.MavenJava.RrestAssuredAPI"/>
  <testcase name="ssoapAPI" time="0.006" classname="Notch.MavenJava.RrestAssuredAPI"/>
</testsuite> <!-- Notch.MavenJava.RrestAssuredAPI -->
