<?xml version="1.0" encoding="UTF-8"?>
<!-- Generated by org.testng.reporters.JUnitReportReporter -->
<testsuite skipped="0" hostname="RonkeAkinyemi" name="Notch.MavenJava.SeleniumTest" tests="2" failures="0" timestamp="16 Oct 2020 16:35:31 GMT" time="0.001" errors="0">
  <testcase name="webTest" time="0.001" classname="Notch.MavenJava.SeleniumTest"/>
  <testcase name="web2Test" time="0.000" classname="Notch.MavenJava.SeleniumTest"/>
</testsuite> <!-- Notch.MavenJava.SeleniumTest -->
