<?xml version="1.0" encoding="UTF-8"?>
<!-- Generated by org.testng.reporters.JUnitReportReporter -->
<testsuite skipped="0" hostname="RonkeAkinyemi" name="Notch.MavenJava.AppiumTest" tests="2" failures="0" timestamp="16 Oct 2020 16:35:31 GMT" time="0.012" errors="0">
  <testcase name="iosApp" time="0.000" classname="Notch.MavenJava.AppiumTest"/>
  <testcase name="androidApp" time="0.012" classname="Notch.MavenJava.AppiumTest"/>
</testsuite> <!-- Notch.MavenJava.AppiumTest -->
