<?xml version="1.0" encoding="UTF-8"?>
<!-- Generated by org.testng.reporters.JUnitReportReporter -->
<testsuite skipped="0" hostname="RonkeAkinyemi" name="Notch.MavenJava.RrestAssuredAPITest" tests="2" failures="0" timestamp="16 Oct 2020 16:35:31 GMT" time="0.001" errors="0">
  <testcase name="ssoapAPI" time="0.001" classname="Notch.MavenJava.RrestAssuredAPITest"/>
  <testcase name="rrestAPI" time="0.000" classname="Notch.MavenJava.RrestAssuredAPITest"/>
</testsuite> <!-- Notch.MavenJava.RrestAssuredAPITest -->
